# JRE version: Java(TM) SE Runtime Environment (8.0_241-b07) (build 1.8.0_241-b07)
# Java VM: Java HotSpot(TM) Client VM (25.241-b07 mixed mode windows-x86 )
Heap:
 def new generation   total 4992K, used 549K [0x03e00000, 0x04360000, 0x09350000)
  eden space 4480K,   5% used [0x03e00000, 0x03e3f4f0, 0x04260000)
  from space 512K,  57% used [0x042e0000, 0x0432a128, 0x04360000)
  to   space 512K,   0% used [0x04260000, 0x04260000, 0x042e0000)
 tenured generation   total 10944K, used 7338K [0x09350000, 0x09e00000, 0x13e00000)
   the space 10944K,  67% used [0x09350000, 0x09a7ab88, 0x09a7ac00, 0x09e00000)
 Metaspace       used 13782K, capacity 14429K, committed 14464K, reserved 14720K
GC Heap History (10 events):
Event: 14.761 GC heap before
{Heap before GC invocations=40 (full 1):
 def new generation   total 4992K, used 4608K [0x03e00000, 0x04360000, 0x09350000)
  eden space 4480K,  99% used [0x03e00000, 0x0425b158, 0x04260000)
  from space 512K,  28% used [0x04260000, 0x04285180, 0x042e0000)
  to   space 512K,   0% used [0x042e0000, 0x042e0000, 0x04360000)
 tenured generation   total 10944K, used 6993K [0x09350000, 0x09e00000, 0x13e00000)
   the space 10944K,  63% used [0x09350000, 0x09a24518, 0x09a24600, 0x09e00000)
 Metaspace       used 13355K, capacity 13988K, committed 14080K, reserved 14720K
Event: 14.764 GC heap after
Heap after GC invocations=41 (full 1):
 def new generation   total 4992K, used 153K [0x03e00000, 0x04360000, 0x09350000)
  eden space 4480K,   0% used [0x03e00000, 0x03e00000, 0x04260000)
  from space 512K,  30% used [0x042e0000, 0x04306688, 0x04360000)
  to   space 512K,   0% used [0x04260000, 0x04260000, 0x042e0000)
 tenured generation   total 10944K, used 6993K [0x09350000, 0x09e00000, 0x13e00000)
   the space 10944K,  63% used [0x09350000, 0x09a24518, 0x09a24600, 0x09e00000)
 Metaspace       used 13355K, capacity 13988K, committed 14080K, reserved 14720K
}
Event: 14.772 GC heap before
{Heap before GC invocations=41 (full 1):
 def new generation   total 4992K, used 4632K [0x03e00000, 0x04360000, 0x09350000)
  eden space 4480K,  99% used [0x03e00000, 0x0425fc98, 0x04260000)
  from space 512K,  30% used [0x042e0000, 0x04306688, 0x04360000)
  to   space 512K,   0% used [0x04260000, 0x04260000, 0x042e0000)
 tenured generation   total 10944K, used 6993K [0x09350000, 0x09e00000, 0x13e00000)
   the space 10944K,  63% used [0x09350000, 0x09a24518, 0x09a24600, 0x09e00000)
 Metaspace       used 13355K, capacity 13988K, committed 14080K, reserved 14720K
Event: 14.775 GC heap after
Heap after GC invocations=42 (full 1):
 def new generation   total 4992K, used 158K [0x03e00000, 0x04360000, 0x09350000)
  eden space 4480K,   0% used [0x03e00000, 0x03e00000, 0x04260000)
  from space 512K,  30% used [0x04260000, 0x042879f0, 0x042e0000)
  to   space 512K,   0% used [0x042e0000, 0x042e0000, 0x04360000)
 tenured generation   total 10944K, used 6993K [0x09350000, 0x09e00000, 0x13e00000)
   the space 10944K,  63% used [0x09350000, 0x09a24518, 0x09a24600, 0x09e00000)
 Metaspace       used 13355K, capacity 13988K, committed 14080K, reserved 14720K
}
Event: 14.893 GC heap before
{Heap before GC invocations=42 (full 1):
 def new generation   total 4992K, used 4638K [0x03e00000, 0x04360000, 0x09350000)
  eden space 4480K, 100% used [0x03e00000, 0x04260000, 0x04260000)
  from space 512K,  30% used [0x04260000, 0x042879f0, 0x042e0000)
  to   space 512K,   0% used [0x042e0000, 0x042e0000, 0x04360000)
 tenured generation   total 10944K, used 6993K [0x09350000, 0x09e00000, 0x13e00000)
   the space 10944K,  63% used [0x09350000, 0x09a24518, 0x09a24600, 0x09e00000)
 Metaspace       used 13516K, capacity 14148K, committed 14208K, reserved 14720K
Event: 14.897 GC heap after
Heap after GC invocations=43 (full 1):
 def new generation   total 4992K, used 368K [0x03e00000, 0x04360000, 0x09350000)
  eden space 4480K,   0% used [0x03e00000, 0x03e00000, 0x04260000)
  from space 512K,  72% used [0x042e0000, 0x0433c2d8, 0x04360000)
  to   space 512K,   0% used [0x04260000, 0x04260000, 0x042e0000)
 tenured generation   total 10944K, used 6993K [0x09350000, 0x09e00000, 0x13e00000)
   the space 10944K,  63% used [0x09350000, 0x09a24518, 0x09a24600, 0x09e00000)
 Metaspace       used 13516K, capacity 14148K, committed 14208K, reserved 14720K
}
Event: 15.092 GC heap before
{Heap before GC invocations=43 (full 1):
 def new generation   total 4992K, used 4848K [0x03e00000, 0x04360000, 0x09350000)
  eden space 4480K, 100% used [0x03e00000, 0x04260000, 0x04260000)
  from space 512K,  72% used [0x042e0000, 0x0433c2d8, 0x04360000)
  to   space 512K,   0% used [0x04260000, 0x04260000, 0x042e0000)
 tenured generation   total 10944K, used 6993K [0x09350000, 0x09e00000, 0x13e00000)
   the space 10944K,  63% used [0x09350000, 0x09a24518, 0x09a24600, 0x09e00000)
 Metaspace       used 13709K, capacity 14353K, committed 14464K, reserved 14720K
Event: 15.099 GC heap after
Heap after GC invocations=44 (full 1):
 def new generation   total 4992K, used 438K [0x03e00000, 0x04360000, 0x09350000)
  eden space 4480K,   0% used [0x03e00000, 0x03e00000, 0x04260000)
  from space 512K,  85% used [0x04260000, 0x042cda68, 0x042e0000)
  to   space 512K,   0% used [0x042e0000, 0x042e0000, 0x04360000)
 tenured generation   total 10944K, used 7239K [0x09350000, 0x09e00000, 0x13e00000)
   the space 10944K,  66% used [0x09350000, 0x09a61e08, 0x09a62000, 0x09e00000)
 Metaspace       used 13709K, capacity 14353K, committed 14464K, reserved 14720K
}
Event: 15.591 GC heap before
{Heap before GC invocations=44 (full 1):
 def new generation   total 4992K, used 4918K [0x03e00000, 0x04360000, 0x09350000)
  eden space 4480K, 100% used [0x03e00000, 0x04260000, 0x04260000)
  from space 512K,  85% used [0x04260000, 0x042cda68, 0x042e0000)
  to   space 512K,   0% used [0x042e0000, 0x042e0000, 0x04360000)
 tenured generation   total 10944K, used 7239K [0x09350000, 0x09e00000, 0x13e00000)
   the space 10944K,  66% used [0x09350000, 0x09a61e08, 0x09a62000, 0x09e00000)
 Metaspace       used 13777K, capacity 14429K, committed 14464K, reserved 14720K
Event: 15.605 GC heap after
Heap after GC invocations=45 (full 1):
 def new generation   total 4992K, used 296K [0x03e00000, 0x04360000, 0x09350000)
  eden space 4480K,   0% used [0x03e00000, 0x03e00000, 0x04260000)
  from space 512K,  57% used [0x042e0000, 0x0432a128, 0x04360000)
  to   space 512K,   0% used [0x04260000, 0x04260000, 0x042e0000)
 tenured generation   total 10944K, used 7338K [0x09350000, 0x09e00000, 0x13e00000)
   the space 10944K,  67% used [0x09350000, 0x09a7ab88, 0x09a7ac00, 0x09e00000)
 Metaspace       used 13777K, capacity 14429K, committed 14464K, reserved 14720K
}

